Arguments: 
  C:\Program Files\nodejs\node.exe C:\Users\leabarros\AppData\Roaming\npm\node_modules\yarn\bin\yarn.js add typescript -D

PATH: 
  C:\Program Files\nodejs\node_modules\npm\node_modules\npm-lifecycle\node-gyp-bin;C:\Users\leabarros\reactprojets\dio-typescript\node_modules\.bin;C:\Program Files\Common Files\Oracle\Java\javapath;C:\Program Files (x86)\Common Files\Oracle\Java\javapath;C:\ProgramData\Oracle\Java\javapath;C:\Windows\system32;C:\Windows;C:\Windows\System32\Wbem;C:\Windows\System32\WindowsPowerShell\v1.0\;C:\Windows\System32\OpenSSH\;C:\Program Files\SafeNet\Authentication\SAC\x64;C:\Program Files\SafeNet\Authentication\SAC\x32;C:\Program Files\dotnet\;C:\Program Files\Microsoft SQL Server\Client SDK\ODBC\170\Tools\Binn\;C:\Program Files (x86)\IncrediBuild;C:\Program Files (x86)\Microsoft SQL Server\150\Tools\Binn\;C:\Program Files\Microsoft SQL Server\150\Tools\Binn\;C:\Program Files\Microsoft SQL Server\150\DTS\Binn\;C:\Windows\Microsoft.NET\Framework64\v4.0.30319;C:\Program Files\RedHat\java-11-openjdk-11.0.8-2\bin;c:\MingW\bin;C:\Program Files\nodejs\;C:\ProgramData\chocolatey\bin;C:\Program Files (x86)\Microsoft SQL Server\150\DTS\Binn\;C:\Program Files\Azure Data Studio\bin;C:\Users\leabarros\AppData\Local\Programs\Python\Python39\Scripts\;C:\Users\leabarros\AppData\Local\Programs\Python\Python39\;C:\Users\leabarros\AppData\Local\Microsoft\WindowsApps;C:\Users\leabarros\AppData\Local\Programs\Microsoft VS Code\bin;C:\Users\leabarros\AppData\Local\atom\bin;C:\Users\leabarros\AppData\Local\hyper\app-3.0.2\resources\bin;C:\Users\leabarros\AppData\Local\Programs\Git\cmd;C:\Users\leabarros\AppData\Local\Programs\Git\mingw64\bin;C:\Users\leabarros\AppData\Local\Programs\Git\usr\bin;C:\Users\leabarros\AppData\Local\GitHubDesktop\bin;C:\Users\leabarros\.dotnet\tools;C:\Users\leabarros\AppData\Roaming\npm

Yarn version: 
  1.22.11

Node version: 
  14.17.4

Platform: 
  win32 x64

Trace: 
  Error: EPERM: operation not permitted, unlink 'C:\Users\leabarros\reactprojets\dio-typescript\node_modules\deasync\bin\win32-x64-node-14\deasync.node'

npm manifest: 
  {
    "name": "dio-typescript",
    "version": "1.0.0",
    "description": "",
    "main": "index.js",
    "scripts": {
      "start": "parcel index.html",
      "test": "echo \"Error: no test specified\" && exit 1"
    },
    "author": "",
    "license": "ISC",
    "dependencies": {
      "parcel-bundler": "^1.12.5"
    }
  }

yarn manifest: 
  No manifest

Lockfile: 
  No lockfile
